/usr/lib/jvm/java-8-oracle/bin/java -version
java version "1.8.0_91"
Java(TM) SE Runtime Environment (build 1.8.0_91-b14)
Java HotSpot(TM) 64-Bit Server VM (build 25.91-b14, mixed mode)

/usr/lib/jvm/java-8-oracle/bin/java -d64 -Dosgi.requiredJavaVersion=1.7 -XX:MaxPermSize=256m -Xms256m -Xmx1024m -jar /home/paul/eclipse/plugins/org.eclipse.equinox.launcher_1.3.100.v20150511-1540.jar --launcher.suppressErrors -debug -clean -refresh -application org.eclim.application
Java HotSpot(TM) 64-Bit Server VM warning: ignoring option MaxPermSize=256m; support was removed in 8.0
Install location:
    file:/home/paul/eclipse/
Configuration file:
    file:/home/paul/eclipse/configuration/config.ini loaded
Configuration location:
    file:/home/paul/eclipse/configuration/
Framework located:
    file:/home/paul/eclipse/plugins/org.eclipse.osgi_3.10.102.v20160118-1700.jar
Loading extension: reference:file:org.eclipse.osgi.compatibility.state_1.0.100.v20150402-1551.jar
	eclipse.properties not found
Framework classpath:
    file:/home/paul/eclipse/plugins/org.eclipse.osgi_3.10.102.v20160118-1700.jar
    file:/home/paul/eclipse/plugins/
    file:/home/paul/eclipse/plugins/org.eclipse.osgi.compatibility.state_1.0.100.v20150402-1551.jar
Debug options:
    file:/home/paul/Documents/Coding/Devathon-Website/.options not found
Time to load bundles: 33
org.eclipse.m2e.logback.configuration: The org.eclipse.m2e.logback.configuration bundle was activated before the state location was initialized.  Will retry after the state location is initialized.
Starting application: 5971
org.eclipse.m2e.logback.configuration: Logback config file: /home/paul/workspace/.metadata/.plugins/org.eclipse.m2e.logback.configuration/logback.1.6.2.20150902-0002.xml
SLF4J: Class path contains multiple SLF4J bindings.
SLF4J: Found binding in [bundleresource://916.fwk13326370:1/org/slf4j/impl/StaticLoggerBinder.class]
SLF4J: Found binding in [bundleresource://916.fwk13326370:2/org/slf4j/impl/StaticLoggerBinder.class]
SLF4J: See http://www.slf4j.org/codes.html#multiple_bindings for an explanation.
SLF4J: Actual binding is of type [ch.qos.logback.classic.util.ContextSelectorStaticBinder]
org.eclipse.m2e.logback.configuration: Initializing logback
Application Started: 11364
Exception in thread "Thread-4" java.lang.NoClassDefFoundError: org/eclipse/ui/PlatformUI
	at org.eclim.eclipse.EclimApplication.shutdown(EclimApplication.java:144)
	at org.eclim.eclipse.EclimApplication$1.run(EclimApplication.java:102)
Caused by: java.lang.ClassNotFoundException: org.eclipse.ui.PlatformUI cannot be found by org.eclim_2.5.0
	at org.eclipse.osgi.internal.loader.BundleLoader.findClassInternal(BundleLoader.java:439)
	at org.eclipse.osgi.internal.loader.BundleLoader.findClass(BundleLoader.java:352)
	at org.eclipse.osgi.internal.loader.BundleLoader.findClass(BundleLoader.java:344)
	at org.eclipse.osgi.internal.loader.ModuleClassLoader.loadClass(ModuleClassLoader.java:160)
	at java.lang.ClassLoader.loadClass(ClassLoader.java:357)
	... 2 more
